Unity Editor version:    2020.3.33f1 (915a7af8b0d5)
Branch:                  2020.3/staging
Build type:              Release
Batch mode:              YES
macOS version:           Version 12.1 (Build 21C52)
Darwin version:          21.2.0
Architecture:            x86_64
Running under Rosetta:   NO
Available memory:        16384 MB
Using pre-set license
Pro License: NO

COMMAND LINE ARGUMENTS:
/Applications/Unity/Hub/Editor/2020.3.33f1/Unity.app/Contents/MacOS/Unity
-adb2
-batchMode
-noUpm
-name
AssetImportWorker0
-projectPath
/Users/isaias/Documents/GitHub/DGD/space riders
-logFile
Logs/AssetImportWorker0.log
-srvPort
49495
Successfully changed project path to: /Users/isaias/Documents/GitHub/DGD/space riders
/Users/isaias/Documents/GitHub/DGD/space riders
Using Asset Import Pipeline V2.
Refreshing native plugins compatible for Editor in 54.17 ms, found 3 plugins.
Preloading 0 native plugins for Editor in 0.00 ms.
Initialize engine version: 2020.3.33f1 (915a7af8b0d5)
[Subsystems] Discovering subsystems at path /Applications/Unity/Hub/Editor/2020.3.33f1/Unity.app/Contents/Resources/UnitySubsystems
[Subsystems] Discovering subsystems at path /Users/isaias/Documents/GitHub/DGD/space riders/Assets
GfxDevice: creating device client; threaded=0
2022-09-26 11:20:47.340 Unity[1180:19441] Color LCD preferred device: Intel(R) Iris(TM) Plus Graphics (low power)
2022-09-26 11:20:47.340 Unity[1180:19441] Metal devices available: 1
2022-09-26 11:20:47.340 Unity[1180:19441] 0: Intel(R) Iris(TM) Plus Graphics (low power)
2022-09-26 11:20:47.340 Unity[1180:19441] Using device Intel(R) Iris(TM) Plus Graphics (low power)
Initializing Metal device caps: Intel(R) Iris(TM) Plus Graphics
Initialize mono
Mono path[0] = '/Applications/Unity/Hub/Editor/2020.3.33f1/Unity.app/Contents/Managed'
Mono path[1] = '/Applications/Unity/Hub/Editor/2020.3.33f1/Unity.app/Contents/MonoBleedingEdge/lib/mono/unityjit'
Mono config path = '/Applications/Unity/Hub/Editor/2020.3.33f1/Unity.app/Contents/MonoBleedingEdge/etc'
Using monoOptions --debugger-agent=transport=dt_socket,embedding=1,server=y,suspend=n,address=127.0.0.1:56180
Begin MonoManager ReloadAssembly
Registering precompiled unity dll's ...
Register platform support module: /Applications/Unity/Hub/Editor/2020.3.33f1/Unity.app/Contents/PlaybackEngines/MacStandaloneSupport/UnityEditor.OSXStandalone.Extensions.dll
Register platform support module: /Applications/Unity/Hub/Editor/2020.3.33f1/PlaybackEngines/WindowsStandaloneSupport/UnityEditor.WindowsStandalone.Extensions.dll
Registered in 0.000685 seconds.
Native extension for WindowsStandalone target not found
Native extension for OSXStandalone target not found
Refreshing native plugins compatible for Editor in 55.73 ms, found 3 plugins.
Preloading 0 native plugins for Editor in 0.00 ms.
Mono: successfully reloaded assembly
- Completed reload, in  0.681 seconds
Domain Reload Profiling:
	ReloadAssembly (681ms)
		BeginReloadAssembly (46ms)
			ExecutionOrderSort (0ms)
			DisableScriptedObjects (0ms)
			BackupInstance (0ms)
			ReleaseScriptingObjects (0ms)
			CreateAndSetChildDomain (1ms)
		EndReloadAssembly (559ms)
			LoadAssemblies (45ms)
			RebuildTransferFunctionScriptingTraits (0ms)
			SetupTypeCache (190ms)
			ReleaseScriptCaches (0ms)
			RebuildScriptCaches (44ms)
			SetupLoadedEditorAssemblies (230ms)
				LogAssemblyErrors (0ms)
				InitializePlatformSupportModulesInManaged (5ms)
				SetLoadedEditorAssemblies (0ms)
				RefreshPlugins (56ms)
				BeforeProcessingInitializeOnLoad (11ms)
				ProcessInitializeOnLoadAttributes (123ms)
				ProcessInitializeOnLoadMethodAttributes (35ms)
				AfterProcessingInitializeOnLoad (0ms)
				EditorAssembliesLoaded (0ms)
			ExecutionOrderSort2 (0ms)
			AwakeInstancesAfterBackupRestoration (0ms)
Platform modules already initialized, skipping
Registering precompiled user dll's ...
Registered in 0.001510 seconds.
Begin MonoManager ReloadAssembly
Symbol file LoadedFromMemory doesn't match image /Users/isaias/Documents/GitHub/DGD/space riders/Library/PackageCache/com.unity.collab-proxy@1.15.15/Lib/Editor/PlasticSCM/unityplastic.dll
Native extension for WindowsStandalone target not found
Native extension for OSXStandalone target not found
Refreshing native plugins compatible for Editor in 57.82 ms, found 3 plugins.
Preloading 0 native plugins for Editor in 0.00 ms.
Mono: successfully reloaded assembly
- Completed reload, in  1.444 seconds
Domain Reload Profiling:
	ReloadAssembly (1445ms)
		BeginReloadAssembly (303ms)
			ExecutionOrderSort (0ms)
			DisableScriptedObjects (16ms)
			BackupInstance (0ms)
			ReleaseScriptingObjects (0ms)
			CreateAndSetChildDomain (31ms)
		EndReloadAssembly (1078ms)
			LoadAssemblies (97ms)
			RebuildTransferFunctionScriptingTraits (0ms)
			SetupTypeCache (401ms)
			ReleaseScriptCaches (1ms)
			RebuildScriptCaches (68ms)
			SetupLoadedEditorAssemblies (388ms)
				LogAssemblyErrors (0ms)
				InitializePlatformSupportModulesInManaged (4ms)
				SetLoadedEditorAssemblies (0ms)
				RefreshPlugins (58ms)
				BeforeProcessingInitializeOnLoad (75ms)
				ProcessInitializeOnLoadAttributes (232ms)
				ProcessInitializeOnLoadMethodAttributes (18ms)
				AfterProcessingInitializeOnLoad (1ms)
				EditorAssembliesLoaded (0ms)
			ExecutionOrderSort2 (0ms)
			AwakeInstancesAfterBackupRestoration (7ms)
Platform modules already initialized, skipping
Validating Project structure ... 0.003590 seconds.
Shader import version has changed; will reimport all shaders...
Upgrading shader files ...0.014178 seconds.
Application.AssetDatabase Initial Script Refresh Start
RefreshInfo: InitialScriptRefreshV2(NoUpdateAssetOptions) scanfilter:  ... 1 filters
RefreshProfiler: Total: 0.000ms
Application.AssetDatabase Initial Script Refresh End
Application.AssetDatabase.Refresh Start
Application.AssetDatabase.Refresh End
RefreshInfo: StopAssetImportingV2(ForceSynchronousImport) scanfilter: 
RefreshProfiler: Total: 0.000ms
Launching external process: /Applications/Unity/Hub/Editor/2020.3.33f1/Unity.app/Contents/Tools/UnityShaderCompiler
Launched and connected shader compiler UnityShaderCompiler after 0.01 seconds
Initializing Unity extensions:
2022-09-26 11:20:50.914 Unity[1180:19441] NSEventModifierFlagFunction specified to -setKeyEquivalentModifierMask: for item <NSMenuItem: 0x60000032cee0 Font Asset, ke='Command-F12'>, but is only supported for system-provided menu items; will not be used
2022-09-26 11:20:50.918 Unity[1180:19441] NSEventModifierFlagFunction specified to -setKeyEquivalentModifierMask: for item <NSMenuItem: 0x60000033fb10 Font Asset, ke='Command-F12'>, but is only supported for system-provided menu items; will not be used
========================================================================
Worker process is ready to serve import requests
Refreshing native plugins compatible for Editor in 0.49 ms, found 3 plugins.
Preloading 0 native plugins for Editor in 0.00 ms.
Unloading 2265 Unused Serialized files (Serialized files now loaded: 0)
System memory in use before: 217.0 MB.
System memory in use after: 216.1 MB.

Unloading 151 unused Assets to reduce memory usage. Loaded Objects now: 2740.
Total: 3.763519 ms (FindLiveObjects: 0.219924 ms CreateObjectMapping: 0.091306 ms MarkObjects: 2.825071 ms  DeleteObjects: 0.626078 ms)

AssetImportParameters requested are different than current active one (requested -> active):
  custom:video-decoder-ogg-theora: a1e56fd34408186e4bbccfd4996cb3dc -> 
  custom:container-muxer-webm: aa71ff27fc2769a1b78a27578f13a17b -> 
  custom:container-demuxer-webm: 4f35f7cbe854078d1ac9338744f61a02 -> 
  custom:container-demuxer-ogg: 62fdf1f143b41e24485cea50d1cbac27 -> 
  custom:video-encoder-webm-vp8: eb34c28f22e8b96e1ab97ce403110664 -> 
  custom:framework-osx-AVFoundation: e770b220cccbd017edd2c1fefb359320 -> 
  custom:video-decoder-webm-vp8: 9c59270c3fd7afecdb556c50c9e8de78 -> 
  custom:audio-decoder-ogg-vorbis: bf7c407c2cedff20999df2af8eb42d56 -> 
  custom:audio-encoder-webm-vorbis: bf7c407c2cedff20999df2af8eb42d56 -> 
========================================================================
Received Import Request.
  path: Assets/scripts/meteoritespawner.cs
  artifactKey: Guid(6d76773f3f1a5463b910e891bcb2b0d8) Importer(815301076,1909f56bfc062723c751e8b465ee728b)
Start importing Assets/scripts/meteoritespawner.cs using Guid(6d76773f3f1a5463b910e891bcb2b0d8) Importer(815301076,1909f56bfc062723c751e8b465ee728b)  -> (artifact id: '4cbffc154c6dc4bd409ea45a494a5c81') in 0.266854 seconds 
========================================================================
Received Prepare
Refreshing native plugins compatible for Editor in 2.07 ms, found 3 plugins.
Preloading 0 native plugins for Editor in 0.00 ms.
Unloading 18 Unused Serialized files (Serialized files now loaded: 0)
System memory in use before: 173.9 MB.
System memory in use after: 174.0 MB.

Unloading 18 unused Assets to reduce memory usage. Loaded Objects now: 2740.
Total: 2.813868 ms (FindLiveObjects: 0.246438 ms CreateObjectMapping: 0.068276 ms MarkObjects: 2.384805 ms  DeleteObjects: 0.113716 ms)

AssetImportParameters requested are different than current active one (requested -> active):
  custom:video-decoder-ogg-theora: a1e56fd34408186e4bbccfd4996cb3dc -> 
  custom:container-muxer-webm: aa71ff27fc2769a1b78a27578f13a17b -> 
  custom:container-demuxer-webm: 4f35f7cbe854078d1ac9338744f61a02 -> 
  custom:container-demuxer-ogg: 62fdf1f143b41e24485cea50d1cbac27 -> 
  custom:video-encoder-webm-vp8: eb34c28f22e8b96e1ab97ce403110664 -> 
  custom:framework-osx-AVFoundation: e770b220cccbd017edd2c1fefb359320 -> 
  custom:video-decoder-webm-vp8: 9c59270c3fd7afecdb556c50c9e8de78 -> 
  custom:audio-decoder-ogg-vorbis: bf7c407c2cedff20999df2af8eb42d56 -> 
  custom:audio-encoder-webm-vorbis: bf7c407c2cedff20999df2af8eb42d56 -> 
========================================================================
Received Import Request.
  Time since last request: 645.831749 seconds.
  path: Assets/Scenes/startscreen.unity
  artifactKey: Guid(3e923f2f7d7d54fb583be4b70f923277) Importer(815301076,1909f56bfc062723c751e8b465ee728b)
Start importing Assets/Scenes/startscreen.unity using Guid(3e923f2f7d7d54fb583be4b70f923277) Importer(815301076,1909f56bfc062723c751e8b465ee728b)  -> (artifact id: 'cf5f9d2984021fc72c279e6607516e25') in 0.002586 seconds 
========================================================================
Received Import Request.
  Time since last request: 245.199724 seconds.
  path: Assets/Scenes/end screen.unity
  artifactKey: Guid(fd1aa071408f744c786e96a3977a7274) Importer(815301076,1909f56bfc062723c751e8b465ee728b)
Start importing Assets/Scenes/end screen.unity using Guid(fd1aa071408f744c786e96a3977a7274) Importer(815301076,1909f56bfc062723c751e8b465ee728b)  -> (artifact id: '4ce8d3ed507c83d072e089f77fea7fd3') in 0.001984 seconds 
========================================================================
Received Import Request.
  Time since last request: 66.430764 seconds.
  path: Assets/scripts/end screen.cs
  artifactKey: Guid(94859bd8e884543fb9d399b8c58757d6) Importer(815301076,1909f56bfc062723c751e8b465ee728b)
Start importing Assets/scripts/end screen.cs using Guid(94859bd8e884543fb9d399b8c58757d6) Importer(815301076,1909f56bfc062723c751e8b465ee728b)  -> (artifact id: 'bc43955c6a10b2948d2856afcd3fe7c3') in 0.005494 seconds 
========================================================================
Received Import Request.
  Time since last request: 8.702779 seconds.
  path: Assets/scripts/endscreen.cs
  artifactKey: Guid(94859bd8e884543fb9d399b8c58757d6) Importer(815301076,1909f56bfc062723c751e8b465ee728b)
Start importing Assets/scripts/endscreen.cs using Guid(94859bd8e884543fb9d399b8c58757d6) Importer(815301076,1909f56bfc062723c751e8b465ee728b)  -> (artifact id: '368b05cbf766089d3e8e80ac0fe96006') in 0.005042 seconds 
========================================================================
Received Prepare
Registering precompiled user dll's ...
Registered in 0.001405 seconds.
Begin MonoManager ReloadAssembly
Symbol file LoadedFromMemory doesn't match image /Users/isaias/Documents/GitHub/DGD/space riders/Library/PackageCache/com.unity.collab-proxy@1.15.15/Lib/Editor/PlasticSCM/unityplastic.dll
Native extension for WindowsStandalone target not found
Native extension for OSXStandalone target not found
Refreshing native plugins compatible for Editor in 0.60 ms, found 3 plugins.
Preloading 0 native plugins for Editor in 0.00 ms.
2022-09-26 11:37:31.717 Unity[1180:19441] NSEventModifierFlagFunction specified to -setKeyEquivalentModifierMask: for item <NSMenuItem: 0x60000032e760 Font Asset, ke='Command-F12'>, but is only supported for system-provided menu items; will not be used
Mono: successfully reloaded assembly
- Completed reload, in  1.155 seconds
Domain Reload Profiling:
	ReloadAssembly (1156ms)
		BeginReloadAssembly (99ms)
			ExecutionOrderSort (0ms)
			DisableScriptedObjects (6ms)
			BackupInstance (0ms)
			ReleaseScriptingObjects (0ms)
			CreateAndSetChildDomain (38ms)
		EndReloadAssembly (991ms)
			LoadAssemblies (76ms)
			RebuildTransferFunctionScriptingTraits (0ms)
			SetupTypeCache (368ms)
			ReleaseScriptCaches (1ms)
			RebuildScriptCaches (51ms)
			SetupLoadedEditorAssemblies (371ms)
				LogAssemblyErrors (0ms)
				InitializePlatformSupportModulesInManaged (5ms)
				SetLoadedEditorAssemblies (1ms)
				RefreshPlugins (1ms)
				BeforeProcessingInitializeOnLoad (116ms)
				ProcessInitializeOnLoadAttributes (234ms)
				ProcessInitializeOnLoadMethodAttributes (13ms)
				AfterProcessingInitializeOnLoad (1ms)
				EditorAssembliesLoaded (0ms)
			ExecutionOrderSort2 (0ms)
			AwakeInstancesAfterBackupRestoration (10ms)
Platform modules already initialized, skipping
Refreshing native plugins compatible for Editor in 0.54 ms, found 3 plugins.
Preloading 0 native plugins for Editor in 0.00 ms.
Unloading 2246 Unused Serialized files (Serialized files now loaded: 0)
System memory in use before: 220.1 MB.
System memory in use after: 220.1 MB.

Unloading 21 unused Assets to reduce memory usage. Loaded Objects now: 2744.
Total: 2.999567 ms (FindLiveObjects: 0.224552 ms CreateObjectMapping: 0.169667 ms MarkObjects: 2.475243 ms  DeleteObjects: 0.129165 ms)

AssetImportParameters requested are different than current active one (requested -> active):
  custom:video-decoder-ogg-theora: a1e56fd34408186e4bbccfd4996cb3dc -> 
  custom:container-muxer-webm: aa71ff27fc2769a1b78a27578f13a17b -> 
  custom:container-demuxer-webm: 4f35f7cbe854078d1ac9338744f61a02 -> 
  custom:container-demuxer-ogg: 62fdf1f143b41e24485cea50d1cbac27 -> 
  custom:video-encoder-webm-vp8: eb34c28f22e8b96e1ab97ce403110664 -> 
  custom:framework-osx-AVFoundation: e770b220cccbd017edd2c1fefb359320 -> 
  custom:video-decoder-webm-vp8: 9c59270c3fd7afecdb556c50c9e8de78 -> 
  custom:audio-decoder-ogg-vorbis: bf7c407c2cedff20999df2af8eb42d56 -> 
  custom:audio-encoder-webm-vorbis: bf7c407c2cedff20999df2af8eb42d56 -> 
========================================================================
Received Import Request.
  Time since last request: 72.566608 seconds.
  path: Assets/Scenes/startscreen.unity
  artifactKey: Guid(3e923f2f7d7d54fb583be4b70f923277) Importer(815301076,1909f56bfc062723c751e8b465ee728b)
Start importing Assets/Scenes/startscreen.unity using Guid(3e923f2f7d7d54fb583be4b70f923277) Importer(815301076,1909f56bfc062723c751e8b465ee728b)  -> (artifact id: '04ae92734bcf458e75421f902828fb40') in 0.007321 seconds 
========================================================================
Received Import Request.
  Time since last request: 20.642930 seconds.
  path: Assets/Scenes/end screen.unity
  artifactKey: Guid(fd1aa071408f744c786e96a3977a7274) Importer(815301076,1909f56bfc062723c751e8b465ee728b)
Start importing Assets/Scenes/end screen.unity using Guid(fd1aa071408f744c786e96a3977a7274) Importer(815301076,1909f56bfc062723c751e8b465ee728b)  -> (artifact id: 'a19a23f86b40a88efb72565a63f9a814') in 0.002473 seconds 
========================================================================
Received Import Request.
  Time since last request: 67.285732 seconds.
  path: Assets/Scenes/end screen.unity
  artifactKey: Guid(fd1aa071408f744c786e96a3977a7274) Importer(815301076,1909f56bfc062723c751e8b465ee728b)
Start importing Assets/Scenes/end screen.unity using Guid(fd1aa071408f744c786e96a3977a7274) Importer(815301076,1909f56bfc062723c751e8b465ee728b)  -> (artifact id: '272ec8e6608a495e84c91ff5ab7f62cf') in 0.001663 seconds 
========================================================================
Received Import Request.
  Time since last request: 111.815249 seconds.
  path: Assets/Scenes/end screen.unity
  artifactKey: Guid(fd1aa071408f744c786e96a3977a7274) Importer(815301076,1909f56bfc062723c751e8b465ee728b)
Start importing Assets/Scenes/end screen.unity using Guid(fd1aa071408f744c786e96a3977a7274) Importer(815301076,1909f56bfc062723c751e8b465ee728b)  -> (artifact id: 'f9e26471226b8f842763cf7f0dce361a') in 0.004178 seconds 
AssetImportWorkerClient::OnTransportError - code=2 error=End of file
